This is pdfTeX, Version 3.14159265-2.6-1.40.18 (TeX Live 2017/Debian) (preloaded format=pdflatex 2019.6.9)  9 JUN 2019 23:14
entering extended mode
 restricted \write18 enabled.
 %&-line parsing enabled.
**sec1_overview_over_work.tex
(./sec1_overview_over_work.tex
LaTeX2e <2017-04-15>
Babel <3.18> and hyphenation patterns for 3 language(s) loaded.
)
! Emergency stop.
<*> sec1_overview_over_work.tex
                               
*** (job aborted, no legal \end found)

 
Here is how much of TeX's memory you used:
 5 strings out of 494923
 198 string characters out of 6180743
 45839 words of memory out of 5000000
 3421 multiletter control sequences out of 15000+600000
 3640 words of font info for 14 fonts, out of 8000000 for 9000
 14 hyphenation exceptions out of 8191
 5i,0n,1p,1b,8s stack positions out of 5000i,500n,10000p,200000b,80000s
!  ==> Fatal error occurred, no output PDF file produced!
