\BOOKMARK [0][-]{chapter.1}{CH1 - Introduction}{}% 1
\BOOKMARK [1][-]{section.1.1}{Preface}{chapter.1}% 2
\BOOKMARK [2][-]{subsection.1.1.1}{Preface}{section.1.1}% 3
\BOOKMARK [1][-]{section.1.2}{Image Processing}{chapter.1}% 4
\BOOKMARK [2][-]{subsection.1.2.1}{Brief}{section.1.2}% 5
\BOOKMARK [2][-]{subsection.1.2.2}{How important is image processing?}{section.1.2}% 6
\BOOKMARK [2][-]{subsection.1.2.3}{How is image processing important for our project}{section.1.2}% 7
\BOOKMARK [1][-]{section.1.3}{Neural Networks}{chapter.1}% 8
\BOOKMARK [2][-]{subsection.1.3.1}{Breif}{section.1.3}% 9
\BOOKMARK [2][-]{subsection.1.3.2}{Basics of Neural Networks.}{section.1.3}% 10
\BOOKMARK [2][-]{subsection.1.3.3}{Why Neural networks are important? }{section.1.3}% 11
\BOOKMARK [2][-]{subsection.1.3.4}{Types of neural network }{section.1.3}% 12
\BOOKMARK [0][-]{chapter.2}{CH2 - Review}{}% 13
\BOOKMARK [1][-]{section.2.1}{Preprocessing}{chapter.2}% 14
\BOOKMARK [1][-]{section.2.2}{model}{chapter.2}% 15
\BOOKMARK [0][-]{chapter.3}{CH3 - Proposed System}{}% 16
\BOOKMARK [1][-]{section.3.1}{System Architecture}{chapter.3}% 17
\BOOKMARK [1][-]{section.3.2}{Preprocessing}{chapter.3}% 18
\BOOKMARK [1][-]{section.3.3}{Model}{chapter.3}% 19
\BOOKMARK [1][-]{section.3.4}{Library}{chapter.3}% 20
\BOOKMARK [1][-]{section.3.5}{Summary}{chapter.3}% 21
\BOOKMARK [0][-]{chapter.4}{CH4 - Results}{}% 22
\BOOKMARK [0][-]{chapter.5}{CH5 - Conclusion}{}% 23
\BOOKMARK [0][-]{chapter.6}{References}{}% 24
